<?xml version="1.0" encoding="UTF-8"?>
<testsuite name="JobSearch Test"
           tests="7"
           failures="0"
           errors="0"
           skipped="0"
           time="112.078">
  <properties />
  
  
            <testcase name="verifyJobSearchResultUsingDifferentDataSet" time="6.610" classname="uk.co.library.testsuite.JobSearchTest" />
                <testcase name="verifyJobSearchResultUsingDifferentDataSet" time="37.631" classname="uk.co.library.testsuite.JobSearchTest" />
                <testcase name="verifyJobSearchResultUsingDifferentDataSet" time="6.727" classname="uk.co.library.testsuite.JobSearchTest" />
                <testcase name="verifyJobSearchResultUsingDifferentDataSet" time="13.285" classname="uk.co.library.testsuite.JobSearchTest" />
                <testcase name="verifyJobSearchResultUsingDifferentDataSet" time="7.831" classname="uk.co.library.testsuite.JobSearchTest" />
                <testcase name="verifyJobSearchResultUsingDifferentDataSet" time="33.136" classname="uk.co.library.testsuite.JobSearchTest" />
                <testcase name="verifyJobSearchResultUsingDifferentDataSet" time="6.858" classname="uk.co.library.testsuite.JobSearchTest" />
      
</testsuite>
